<?xml version="1.0" encoding="UTF-8"?>
<testsuite name="couch.camping.controller.member.MemberControllerTest" tests="1" skipped="0" failures="0" errors="0" timestamp="2022-03-17T11:28:55" hostname="DESKTOP-F55RK1N" time="0.225">
  <properties/>
  <testcase name="registerMemberTest()" classname="couch.camping.controller.member.MemberControllerTest" time="0.225"/>
  <system-out><![CDATA[20:28:42.648 [Test worker] DEBUG org.springframework.test.context.BootstrapUtils - Instantiating CacheAwareContextLoaderDelegate from class [org.springframework.test.context.cache.DefaultCacheAwareContextLoaderDelegate]
20:28:42.670 [Test worker] DEBUG org.springframework.test.context.BootstrapUtils - Instantiating BootstrapContext using constructor [public org.springframework.test.context.support.DefaultBootstrapContext(java.lang.Class,org.springframework.test.context.CacheAwareContextLoaderDelegate)]
20:28:42.732 [Test worker] DEBUG org.springframework.test.context.BootstrapUtils - Instantiating TestContextBootstrapper for test class [couch.camping.controller.member.MemberControllerTest] from class [org.springframework.boot.test.context.SpringBootTestContextBootstrapper]
20:28:42.750 [Test worker] INFO org.springframework.boot.test.context.SpringBootTestContextBootstrapper - Neither @ContextConfiguration nor @ContextHierarchy found for test class [couch.camping.controller.member.MemberControllerTest], using SpringBootContextLoader
20:28:42.756 [Test worker] DEBUG org.springframework.test.context.support.AbstractContextLoader - Did not detect default resource location for test class [couch.camping.controller.member.MemberControllerTest]: class path resource [couch/camping/controller/member/MemberControllerTest-context.xml] does not exist
20:28:42.757 [Test worker] DEBUG org.springframework.test.context.support.AbstractContextLoader - Did not detect default resource location for test class [couch.camping.controller.member.MemberControllerTest]: class path resource [couch/camping/controller/member/MemberControllerTestContext.groovy] does not exist
20:28:42.757 [Test worker] INFO org.springframework.test.context.support.AbstractContextLoader - Could not detect default resource locations for test class [couch.camping.controller.member.MemberControllerTest]: no resource found for suffixes {-context.xml, Context.groovy}.
20:28:42.760 [Test worker] INFO org.springframework.test.context.support.AnnotationConfigContextLoaderUtils - Could not detect default configuration classes for test class [couch.camping.controller.member.MemberControllerTest]: MemberControllerTest does not declare any static, non-private, non-final, nested classes annotated with @Configuration.
20:28:42.984 [Test worker] DEBUG org.springframework.context.annotation.ClassPathScanningCandidateComponentProvider - Identified candidate component class: file [D:\camping\build\classes\java\main\couch\camping\CampingApplication.class]
20:28:42.987 [Test worker] INFO org.springframework.boot.test.context.SpringBootTestContextBootstrapper - Found @SpringBootConfiguration couch.camping.CampingApplication for test class couch.camping.controller.member.MemberControllerTest
20:28:43.150 [Test worker] DEBUG org.springframework.boot.test.context.SpringBootTestContextBootstrapper - @TestExecutionListeners is not present for class [couch.camping.controller.member.MemberControllerTest]: using defaults.
20:28:43.152 [Test worker] INFO org.springframework.boot.test.context.SpringBootTestContextBootstrapper - Loaded default TestExecutionListener class names from location [META-INF/spring.factories]: [org.springframework.boot.test.autoconfigure.restdocs.RestDocsTestExecutionListener, org.springframework.boot.test.autoconfigure.web.client.MockRestServiceServerResetTestExecutionListener, org.springframework.boot.test.autoconfigure.web.servlet.MockMvcPrintOnlyOnFailureTestExecutionListener, org.springframework.boot.test.autoconfigure.web.servlet.WebDriverTestExecutionListener, org.springframework.boot.test.autoconfigure.webservices.client.MockWebServiceServerTestExecutionListener, org.springframework.boot.test.mock.mockito.MockitoTestExecutionListener, org.springframework.boot.test.mock.mockito.ResetMocksTestExecutionListener, org.springframework.test.context.web.ServletTestExecutionListener, org.springframework.test.context.support.DirtiesContextBeforeModesTestExecutionListener, org.springframework.test.context.event.ApplicationEventsTestExecutionListener, org.springframework.test.context.support.DependencyInjectionTestExecutionListener, org.springframework.test.context.support.DirtiesContextTestExecutionListener, org.springframework.test.context.transaction.TransactionalTestExecutionListener, org.springframework.test.context.jdbc.SqlScriptsTestExecutionListener, org.springframework.test.context.event.EventPublishingTestExecutionListener]
20:28:43.184 [Test worker] INFO org.springframework.boot.test.context.SpringBootTestContextBootstrapper - Using TestExecutionListeners: [org.springframework.test.context.web.ServletTestExecutionListener@11ce2e22, org.springframework.test.context.support.DirtiesContextBeforeModesTestExecutionListener@63a5d002, org.springframework.test.context.event.ApplicationEventsTestExecutionListener@13cda7c9, org.springframework.boot.test.mock.mockito.MockitoTestExecutionListener@5aa6202e, org.springframework.boot.test.autoconfigure.SpringBootDependencyInjectionTestExecutionListener@3af9aa66, org.springframework.test.context.support.DirtiesContextTestExecutionListener@771158fb, org.springframework.test.context.transaction.TransactionalTestExecutionListener@91c4a3f, org.springframework.test.context.jdbc.SqlScriptsTestExecutionListener@62d0ac62, org.springframework.test.context.event.EventPublishingTestExecutionListener@150d80c4, org.springframework.boot.test.autoconfigure.restdocs.RestDocsTestExecutionListener@6826c41e, org.springframework.boot.test.autoconfigure.web.client.MockRestServiceServerResetTestExecutionListener@3003697, org.springframework.boot.test.autoconfigure.web.servlet.MockMvcPrintOnlyOnFailureTestExecutionListener@64d43929, org.springframework.boot.test.autoconfigure.web.servlet.WebDriverTestExecutionListener@1d269ed7, org.springframework.boot.test.autoconfigure.webservices.client.MockWebServiceServerTestExecutionListener@437ebf59, org.springframework.boot.test.mock.mockito.ResetMocksTestExecutionListener@41c89d2f]
20:28:43.191 [Test worker] DEBUG org.springframework.test.context.support.AbstractDirtiesContextTestExecutionListener - Before test class: context [DefaultTestContext@253c1256 testClass = MemberControllerTest, testInstance = [null], testMethod = [null], testException = [null], mergedContextConfiguration = [WebMergedContextConfiguration@8dfe921 testClass = MemberControllerTest, locations = '{}', classes = '{class couch.camping.CampingApplication}', contextInitializerClasses = '[]', activeProfiles = '{local}', propertySourceLocations = '{}', propertySourceProperties = '{org.springframework.boot.test.context.SpringBootTestContextBootstrapper=true}', contextCustomizers = set[org.springframework.boot.test.autoconfigure.actuate.metrics.MetricsExportContextCustomizerFactory$DisableMetricExportContextCustomizer@6b54655f, org.springframework.boot.test.autoconfigure.properties.PropertyMappingContextCustomizer@4b3fa0b3, org.springframework.boot.test.autoconfigure.web.servlet.WebDriverContextCustomizerFactory$Customizer@64df9a61, [ImportsContextCustomizer@503fbbc6 key = [org.springframework.boot.test.autoconfigure.web.servlet.MockMvcAutoConfiguration, org.springframework.boot.test.autoconfigure.web.servlet.MockMvcWebClientAutoConfiguration, org.springframework.boot.test.autoconfigure.web.servlet.MockMvcWebDriverAutoConfiguration, org.springframework.boot.autoconfigure.security.oauth2.client.servlet.OAuth2ClientAutoConfiguration, org.springframework.boot.autoconfigure.security.oauth2.resource.servlet.OAuth2ResourceServerAutoConfiguration, org.springframework.boot.autoconfigure.security.servlet.SecurityAutoConfiguration, org.springframework.boot.autoconfigure.security.servlet.SecurityFilterAutoConfiguration, org.springframework.boot.autoconfigure.security.servlet.UserDetailsServiceAutoConfiguration, org.springframework.boot.test.autoconfigure.web.servlet.MockMvcSecurityConfiguration, org.springframework.boot.test.autoconfigure.web.reactive.WebTestClientAutoConfiguration]], org.springframework.boot.test.context.filter.ExcludeFilterContextCustomizer@34a75079, org.springframework.boot.test.json.DuplicateJsonObjectContextCustomizerFactory$DuplicateJsonObjectContextCustomizer@1643d68f, org.springframework.boot.test.mock.mockito.MockitoContextCustomizer@0, org.springframework.boot.test.web.client.TestRestTemplateContextCustomizer@21005f6c, org.springframework.boot.test.context.SpringBootTestArgs@1, org.springframework.boot.test.context.SpringBootTestWebEnvironment@27adc16e], resourceBasePath = 'src/main/webapp', contextLoader = 'org.springframework.boot.test.context.SpringBootContextLoader', parent = [null]], attributes = map['org.springframework.test.context.web.ServletTestExecutionListener.activateListener' -> true]], class annotated with @DirtiesContext [false] with mode [null].

  .   ____          _            __ _ _
 /\\ / ___'_ __ _ _(_)_ __  __ _ \ \ \ \
( ( )\___ | '_ | '_| | '_ \/ _` | \ \ \ \
 \\/  ___)| |_)| | | | | || (_| |  ) ) ) )
  '  |____| .__|_| |_|_| |_\__, | / / / /
 =========|_|==============|___/=/_/_/_/
 :: Spring Boot ::                (v2.6.3)

2022-03-17 20:28:43.902  INFO 20432 --- [    Test worker] c.c.c.member.MemberControllerTest        : Starting MemberControllerTest using Java 11.0.9 on DESKTOP-F55RK1N with PID 20432 (started by ksw in D:\camping)
2022-03-17 20:28:43.904  INFO 20432 --- [    Test worker] c.c.c.member.MemberControllerTest        : The following profiles are active: local
2022-03-17 20:28:45.638  INFO 20432 --- [    Test worker] .s.d.r.c.RepositoryConfigurationDelegate : Bootstrapping Spring Data JPA repositories in DEFAULT mode.
2022-03-17 20:28:45.914  INFO 20432 --- [    Test worker] .s.d.r.c.RepositoryConfigurationDelegate : Finished Spring Data repository scanning in 263 ms. Found 11 JPA repository interfaces.
2022-03-17 20:28:47.290  INFO 20432 --- [    Test worker] o.hibernate.jpa.internal.util.LogHelper  : HHH000204: Processing PersistenceUnitInfo [name: default]
2022-03-17 20:28:47.392  INFO 20432 --- [    Test worker] org.hibernate.Version                    : HHH000412: Hibernate ORM core version 5.6.4.Final
2022-03-17 20:28:47.709  INFO 20432 --- [    Test worker] o.hibernate.annotations.common.Version   : HCANN000001: Hibernate Commons Annotations {5.1.2.Final}
2022-03-17 20:28:47.901  INFO 20432 --- [    Test worker] com.zaxxer.hikari.HikariDataSource       : HikariPool-1 - Starting...
2022-03-17 20:28:48.472  INFO 20432 --- [    Test worker] com.zaxxer.hikari.HikariDataSource       : HikariPool-1 - Start completed.
2022-03-17 20:28:48.537  INFO 20432 --- [    Test worker] org.hibernate.dialect.Dialect            : HHH000400: Using dialect: org.hibernate.dialect.MySQL8Dialect
2022-03-17 20:28:50.458  INFO 20432 --- [    Test worker] p6spy                                    : #1647516530458 | took 4ms | statement | connection 1| url jdbc:mysql://localhost:3306/camp?serverTimezone=Asia/Seoul&characterEncoding=UTF-8
select * from `camp`.`camp` where 1=0
select * from `camp`.`camp` where 1=0;
2022-03-17 20:28:50.465  INFO 20432 --- [    Test worker] p6spy                                    : #1647516530465 | took 1ms | statement | connection 1| url jdbc:mysql://localhost:3306/camp?serverTimezone=Asia/Seoul&characterEncoding=UTF-8
select * from `camp`.`member` where 1=0
select * from `camp`.`member` where 1=0;
2022-03-17 20:28:50.474  INFO 20432 --- [    Test worker] p6spy                                    : #1647516530474 | took 0ms | statement | connection 1| url jdbc:mysql://localhost:3306/camp?serverTimezone=Asia/Seoul&characterEncoding=UTF-8
select * from `camp`.`member` where 1=0
select * from `camp`.`member` where 1=0;
2022-03-17 20:28:50.481  INFO 20432 --- [    Test worker] p6spy                                    : #1647516530481 | took 3ms | statement | connection 1| url jdbc:mysql://localhost:3306/camp?serverTimezone=Asia/Seoul&characterEncoding=UTF-8
select * from `camp`.`post` where 1=0
select * from `camp`.`post` where 1=0;
2022-03-17 20:28:50.491  INFO 20432 --- [    Test worker] p6spy                                    : #1647516530491 | took 2ms | statement | connection 1| url jdbc:mysql://localhost:3306/camp?serverTimezone=Asia/Seoul&characterEncoding=UTF-8
select * from `camp`.`comment` where 1=0
select * from `camp`.`comment` where 1=0;
2022-03-17 20:28:50.495  INFO 20432 --- [    Test worker] p6spy                                    : #1647516530495 | took 0ms | statement | connection 1| url jdbc:mysql://localhost:3306/camp?serverTimezone=Asia/Seoul&characterEncoding=UTF-8
select * from `camp`.`member` where 1=0
select * from `camp`.`member` where 1=0;
2022-03-17 20:28:50.503  INFO 20432 --- [    Test worker] p6spy                                    : #1647516530503 | took 0ms | statement | connection 1| url jdbc:mysql://localhost:3306/camp?serverTimezone=Asia/Seoul&characterEncoding=UTF-8
select * from `camp`.`member` where 1=0
select * from `camp`.`member` where 1=0;
2022-03-17 20:28:50.507  INFO 20432 --- [    Test worker] p6spy                                    : #1647516530507 | took 0ms | statement | connection 1| url jdbc:mysql://localhost:3306/camp?serverTimezone=Asia/Seoul&characterEncoding=UTF-8
select * from `camp`.`member` where 1=0
select * from `camp`.`member` where 1=0;
2022-03-17 20:28:50.512  INFO 20432 --- [    Test worker] p6spy                                    : #1647516530512 | took 2ms | statement | connection 1| url jdbc:mysql://localhost:3306/camp?serverTimezone=Asia/Seoul&characterEncoding=UTF-8
select * from `camp`.`review` where 1=0
select * from `camp`.`review` where 1=0;
2022-03-17 20:28:50.519  INFO 20432 --- [    Test worker] p6spy                                    : #1647516530519 | took 0ms | statement | connection 1| url jdbc:mysql://localhost:3306/camp?serverTimezone=Asia/Seoul&characterEncoding=UTF-8
select * from `camp`.`member` where 1=0
select * from `camp`.`member` where 1=0;
2022-03-17 20:28:50.528  INFO 20432 --- [    Test worker] p6spy                                    : #1647516530528 | took 0ms | statement | connection 1| url jdbc:mysql://localhost:3306/camp?serverTimezone=Asia/Seoul&characterEncoding=UTF-8
select * from `camp`.`member` where 1=0
select * from `camp`.`member` where 1=0;
2022-03-17 20:28:50.531  INFO 20432 --- [    Test worker] p6spy                                    : #1647516530531 | took 0ms | statement | connection 1| url jdbc:mysql://localhost:3306/camp?serverTimezone=Asia/Seoul&characterEncoding=UTF-8
select * from `camp`.`post` where 1=0
select * from `camp`.`post` where 1=0;
2022-03-17 20:28:50.538  INFO 20432 --- [    Test worker] p6spy                                    : #1647516530538 | took 0ms | statement | connection 1| url jdbc:mysql://localhost:3306/camp?serverTimezone=Asia/Seoul&characterEncoding=UTF-8
select * from `camp`.`member` where 1=0
select * from `camp`.`member` where 1=0;
2022-03-17 20:28:50.541  INFO 20432 --- [    Test worker] p6spy                                    : #1647516530541 | took 0ms | statement | connection 1| url jdbc:mysql://localhost:3306/camp?serverTimezone=Asia/Seoul&characterEncoding=UTF-8
select * from `camp`.`post` where 1=0
select * from `camp`.`post` where 1=0;
2022-03-17 20:28:50.549  INFO 20432 --- [    Test worker] p6spy                                    : #1647516530549 | took 0ms | statement | connection 1| url jdbc:mysql://localhost:3306/camp?serverTimezone=Asia/Seoul&characterEncoding=UTF-8
select * from `camp`.`camp` where 1=0
select * from `camp`.`camp` where 1=0;
2022-03-17 20:28:50.552  INFO 20432 --- [    Test worker] p6spy                                    : #1647516530552 | took 0ms | statement | connection 1| url jdbc:mysql://localhost:3306/camp?serverTimezone=Asia/Seoul&characterEncoding=UTF-8
select * from `camp`.`member` where 1=0
select * from `camp`.`member` where 1=0;
2022-03-17 20:28:50.559  INFO 20432 --- [    Test worker] p6spy                                    : #1647516530559 | took 0ms | statement | connection 1| url jdbc:mysql://localhost:3306/camp?serverTimezone=Asia/Seoul&characterEncoding=UTF-8
select * from `camp`.`member` where 1=0
select * from `camp`.`member` where 1=0;
2022-03-17 20:28:50.562  INFO 20432 --- [    Test worker] p6spy                                    : #1647516530562 | took 0ms | statement | connection 1| url jdbc:mysql://localhost:3306/camp?serverTimezone=Asia/Seoul&characterEncoding=UTF-8
select * from `camp`.`review` where 1=0
select * from `camp`.`review` where 1=0;
2022-03-17 20:28:50.563  INFO 20432 --- [    Test worker] o.h.e.t.j.p.i.JtaPlatformInitiator       : HHH000490: Using JtaPlatform implementation: [org.hibernate.engine.transaction.jta.platform.internal.NoJtaPlatform]
2022-03-17 20:28:50.576  INFO 20432 --- [    Test worker] j.LocalContainerEntityManagerFactoryBean : Initialized JPA EntityManagerFactory for persistence unit 'default'
2022-03-17 20:28:51.285  INFO 20432 --- [    Test worker] couch.camping.config.auth.AuthConfig     : Initializing local AuthFilter
2022-03-17 20:28:53.268  INFO 20432 --- [    Test worker] o.s.s.web.DefaultSecurityFilterChain     : Will secure Ant [pattern='/test', GET] with []
2022-03-17 20:28:53.269  INFO 20432 --- [    Test worker] o.s.s.web.DefaultSecurityFilterChain     : Will secure Ant [pattern='/members/local', POST] with []
2022-03-17 20:28:53.269  INFO 20432 --- [    Test worker] o.s.s.web.DefaultSecurityFilterChain     : Will secure Ant [pattern='/members', POST] with []
2022-03-17 20:28:53.269  INFO 20432 --- [    Test worker] o.s.s.web.DefaultSecurityFilterChain     : Will secure Ant [pattern='/camps', POST] with []
2022-03-17 20:28:53.269  INFO 20432 --- [    Test worker] o.s.s.web.DefaultSecurityFilterChain     : Will secure Ant [pattern='/camps/**', GET] with []
2022-03-17 20:28:53.269  INFO 20432 --- [    Test worker] o.s.s.web.DefaultSecurityFilterChain     : Will secure Ant [pattern='/reviews/**', GET] with []
2022-03-17 20:28:53.270  INFO 20432 --- [    Test worker] o.s.s.web.DefaultSecurityFilterChain     : Will secure Ant [pattern='/posts/**', GET] with []
2022-03-17 20:28:53.270  INFO 20432 --- [    Test worker] o.s.s.web.DefaultSecurityFilterChain     : Will secure Ant [pattern='/comments/**', GET] with []
2022-03-17 20:28:53.270  INFO 20432 --- [    Test worker] o.s.s.web.DefaultSecurityFilterChain     : Will secure Ant [pattern='/css/**'] with []
2022-03-17 20:28:53.270  INFO 20432 --- [    Test worker] o.s.s.web.DefaultSecurityFilterChain     : Will secure Ant [pattern='/static/**'] with []
2022-03-17 20:28:53.270  INFO 20432 --- [    Test worker] o.s.s.web.DefaultSecurityFilterChain     : Will secure Ant [pattern='/js/**'] with []
2022-03-17 20:28:53.270  INFO 20432 --- [    Test worker] o.s.s.web.DefaultSecurityFilterChain     : Will secure Ant [pattern='/img/**'] with []
2022-03-17 20:28:53.271  INFO 20432 --- [    Test worker] o.s.s.web.DefaultSecurityFilterChain     : Will secure Ant [pattern='/fonts/**'] with []
2022-03-17 20:28:53.271  INFO 20432 --- [    Test worker] o.s.s.web.DefaultSecurityFilterChain     : Will secure Ant [pattern='/vendor/**'] with []
2022-03-17 20:28:53.271  INFO 20432 --- [    Test worker] o.s.s.web.DefaultSecurityFilterChain     : Will secure Ant [pattern='/favicon.ico'] with []
2022-03-17 20:28:53.271  INFO 20432 --- [    Test worker] o.s.s.web.DefaultSecurityFilterChain     : Will secure Ant [pattern='/pages/**'] with []
2022-03-17 20:28:53.271  INFO 20432 --- [    Test worker] o.s.s.web.DefaultSecurityFilterChain     : Will secure Ant [pattern='/v2/api-docs'] with []
2022-03-17 20:28:53.271  INFO 20432 --- [    Test worker] o.s.s.web.DefaultSecurityFilterChain     : Will secure Ant [pattern='/configuration/**'] with []
2022-03-17 20:28:53.272  INFO 20432 --- [    Test worker] o.s.s.web.DefaultSecurityFilterChain     : Will secure Ant [pattern='/swagger*/**'] with []
2022-03-17 20:28:53.272  INFO 20432 --- [    Test worker] o.s.s.web.DefaultSecurityFilterChain     : Will secure Ant [pattern='/webjars/**'] with []
2022-03-17 20:28:53.405  INFO 20432 --- [    Test worker] o.s.s.web.DefaultSecurityFilterChain     : Will secure any request with [org.springframework.security.web.context.request.async.WebAsyncManagerIntegrationFilter@43c73b5c, org.springframework.security.web.context.SecurityContextPersistenceFilter@5066a895, org.springframework.security.web.header.HeaderWriterFilter@561f982f, org.springframework.security.web.authentication.logout.LogoutFilter@11f8d64, couch.camping.filter.MockJwtFilter@6b1381fc, org.springframework.security.web.savedrequest.RequestCacheAwareFilter@3d805670, org.springframework.security.web.servletapi.SecurityContextHolderAwareRequestFilter@4d87553b, org.springframework.security.web.authentication.AnonymousAuthenticationFilter@48b53f3d, org.springframework.security.web.session.SessionManagementFilter@6cad2d5f, org.springframework.security.web.access.ExceptionTranslationFilter@13b409bb, org.springframework.security.web.access.intercept.FilterSecurityInterceptor@1ad28f2]
2022-03-17 20:28:54.766  INFO 20432 --- [    Test worker] o.s.b.t.m.w.SpringBootMockServletContext : Initializing Spring TestDispatcherServlet ''
2022-03-17 20:28:54.766  INFO 20432 --- [    Test worker] o.s.t.web.servlet.TestDispatcherServlet  : Initializing Servlet ''
2022-03-17 20:28:54.768  INFO 20432 --- [    Test worker] o.s.t.web.servlet.TestDispatcherServlet  : Completed initialization in 1 ms
2022-03-17 20:28:55.891  INFO 20432 --- [    Test worker] c.c.c.member.MemberControllerTest        : Started MemberControllerTest in 12.642 seconds (JVM running for 16.543)
2022-03-17 20:28:55.948  INFO 20432 --- [    Test worker] o.s.t.c.transaction.TransactionContext   : Began transaction (1) for test context [DefaultTestContext@253c1256 testClass = MemberControllerTest, testInstance = couch.camping.controller.member.MemberControllerTest@201a6b7d, testMethod = registerMemberTest@MemberControllerTest, testException = [null], mergedContextConfiguration = [WebMergedContextConfiguration@8dfe921 testClass = MemberControllerTest, locations = '{}', classes = '{class couch.camping.CampingApplication}', contextInitializerClasses = '[]', activeProfiles = '{local}', propertySourceLocations = '{}', propertySourceProperties = '{org.springframework.boot.test.context.SpringBootTestContextBootstrapper=true}', contextCustomizers = set[org.springframework.boot.test.autoconfigure.actuate.metrics.MetricsExportContextCustomizerFactory$DisableMetricExportContextCustomizer@6b54655f, org.springframework.boot.test.autoconfigure.properties.PropertyMappingContextCustomizer@4b3fa0b3, org.springframework.boot.test.autoconfigure.web.servlet.WebDriverContextCustomizerFactory$Customizer@64df9a61, [ImportsContextCustomizer@503fbbc6 key = [org.springframework.boot.test.autoconfigure.web.servlet.MockMvcAutoConfiguration, org.springframework.boot.test.autoconfigure.web.servlet.MockMvcWebClientAutoConfiguration, org.springframework.boot.test.autoconfigure.web.servlet.MockMvcWebDriverAutoConfiguration, org.springframework.boot.autoconfigure.security.oauth2.client.servlet.OAuth2ClientAutoConfiguration, org.springframework.boot.autoconfigure.security.oauth2.resource.servlet.OAuth2ResourceServerAutoConfiguration, org.springframework.boot.autoconfigure.security.servlet.SecurityAutoConfiguration, org.springframework.boot.autoconfigure.security.servlet.SecurityFilterAutoConfiguration, org.springframework.boot.autoconfigure.security.servlet.UserDetailsServiceAutoConfiguration, org.springframework.boot.test.autoconfigure.web.servlet.MockMvcSecurityConfiguration, org.springframework.boot.test.autoconfigure.web.reactive.WebTestClientAutoConfiguration]], org.springframework.boot.test.context.filter.ExcludeFilterContextCustomizer@34a75079, org.springframework.boot.test.json.DuplicateJsonObjectContextCustomizerFactory$DuplicateJsonObjectContextCustomizer@1643d68f, org.springframework.boot.test.mock.mockito.MockitoContextCustomizer@0, org.springframework.boot.test.web.client.TestRestTemplateContextCustomizer@21005f6c, org.springframework.boot.test.context.SpringBootTestArgs@1, org.springframework.boot.test.context.SpringBootTestWebEnvironment@27adc16e], resourceBasePath = 'src/main/webapp', contextLoader = 'org.springframework.boot.test.context.SpringBootContextLoader', parent = [null]], attributes = map['org.springframework.test.context.web.ServletTestExecutionListener.activateListener' -> true, 'org.springframework.test.context.web.ServletTestExecutionListener.populatedRequestContextHolder' -> true, 'org.springframework.test.context.web.ServletTestExecutionListener.resetRequestContextHolder' -> true, 'org.springframework.test.context.event.ApplicationEventsTestExecutionListener.recordApplicationEvents' -> false]]; transaction manager [org.springframework.orm.jpa.JpaTransactionManager@310045fc]; rollback [true]
2022-03-17 20:28:56.134  INFO 20432 --- [    Test worker] c.c.c.member.MemberControllerTest        : sex
2022-03-17 20:28:56.144  INFO 20432 --- [    Test worker] p6spy                                    : #1647516536144 | took 0ms | rollback | connection 2| url jdbc:mysql://localhost:3306/camp?serverTimezone=Asia/Seoul&characterEncoding=UTF-8

;
2022-03-17 20:28:56.149  INFO 20432 --- [    Test worker] o.s.t.c.transaction.TransactionContext   : Rolled back transaction for test: [DefaultTestContext@253c1256 testClass = MemberControllerTest, testInstance = couch.camping.controller.member.MemberControllerTest@201a6b7d, testMethod = registerMemberTest@MemberControllerTest, testException = [null], mergedContextConfiguration = [WebMergedContextConfiguration@8dfe921 testClass = MemberControllerTest, locations = '{}', classes = '{class couch.camping.CampingApplication}', contextInitializerClasses = '[]', activeProfiles = '{local}', propertySourceLocations = '{}', propertySourceProperties = '{org.springframework.boot.test.context.SpringBootTestContextBootstrapper=true}', contextCustomizers = set[org.springframework.boot.test.autoconfigure.actuate.metrics.MetricsExportContextCustomizerFactory$DisableMetricExportContextCustomizer@6b54655f, org.springframework.boot.test.autoconfigure.properties.PropertyMappingContextCustomizer@4b3fa0b3, org.springframework.boot.test.autoconfigure.web.servlet.WebDriverContextCustomizerFactory$Customizer@64df9a61, [ImportsContextCustomizer@503fbbc6 key = [org.springframework.boot.test.autoconfigure.web.servlet.MockMvcAutoConfiguration, org.springframework.boot.test.autoconfigure.web.servlet.MockMvcWebClientAutoConfiguration, org.springframework.boot.test.autoconfigure.web.servlet.MockMvcWebDriverAutoConfiguration, org.springframework.boot.autoconfigure.security.oauth2.client.servlet.OAuth2ClientAutoConfiguration, org.springframework.boot.autoconfigure.security.oauth2.resource.servlet.OAuth2ResourceServerAutoConfiguration, org.springframework.boot.autoconfigure.security.servlet.SecurityAutoConfiguration, org.springframework.boot.autoconfigure.security.servlet.SecurityFilterAutoConfiguration, org.springframework.boot.autoconfigure.security.servlet.UserDetailsServiceAutoConfiguration, org.springframework.boot.test.autoconfigure.web.servlet.MockMvcSecurityConfiguration, org.springframework.boot.test.autoconfigure.web.reactive.WebTestClientAutoConfiguration]], org.springframework.boot.test.context.filter.ExcludeFilterContextCustomizer@34a75079, org.springframework.boot.test.json.DuplicateJsonObjectContextCustomizerFactory$DuplicateJsonObjectContextCustomizer@1643d68f, org.springframework.boot.test.mock.mockito.MockitoContextCustomizer@0, org.springframework.boot.test.web.client.TestRestTemplateContextCustomizer@21005f6c, org.springframework.boot.test.context.SpringBootTestArgs@1, org.springframework.boot.test.context.SpringBootTestWebEnvironment@27adc16e], resourceBasePath = 'src/main/webapp', contextLoader = 'org.springframework.boot.test.context.SpringBootContextLoader', parent = [null]], attributes = map['org.springframework.test.context.web.ServletTestExecutionListener.activateListener' -> true, 'org.springframework.test.context.web.ServletTestExecutionListener.populatedRequestContextHolder' -> true, 'org.springframework.test.context.web.ServletTestExecutionListener.resetRequestContextHolder' -> true, 'org.springframework.test.context.event.ApplicationEventsTestExecutionListener.recordApplicationEvents' -> false]]
]]></system-out>
  <system-err><![CDATA[]]></system-err>
</testsuite>
